Using pre-set license
Built from '2021.3/staging' branch; Version is '2021.3.14f1 (eee1884e7226) revision 15655304'; Using compiler version '192829333'; Build Type 'Release'
OS: 'Windows 10  (10.0.19044) 64bit Education' Language: 'ko' Physical Memory: 7985 MB
BatchMode: 1, IsHumanControllingUs: 0, StartBugReporterOnCrash: 0, Is64bit: 1, IsPro: 1

COMMAND LINE ARGUMENTS:
C:\Program Files\Unity\Hub\Editor\2021.3.14f1\Editor\Unity.exe
-adb2
-batchMode
-noUpm
-name
AssetImportWorker4
-projectPath
C:/Users/YOONHA/GitHub/new/gotoClass/My project
-logFile
Logs/AssetImportWorker4.log
-srvPort
8921
Successfully changed project path to: C:/Users/YOONHA/GitHub/new/gotoClass/My project
C:/Users/YOONHA/GitHub/new/gotoClass/My project
[UnityMemory] Configuration Parameters - Can be set up in boot.config
    "memorysetup-bucket-allocator-granularity=16"
    "memorysetup-bucket-allocator-bucket-count=8"
    "memorysetup-bucket-allocator-block-size=33554432"
    "memorysetup-bucket-allocator-block-count=8"
    "memorysetup-main-allocator-block-size=16777216"
    "memorysetup-thread-allocator-block-size=16777216"
    "memorysetup-gfx-main-allocator-block-size=16777216"
    "memorysetup-gfx-thread-allocator-block-size=16777216"
    "memorysetup-cache-allocator-block-size=4194304"
    "memorysetup-typetree-allocator-block-size=2097152"
    "memorysetup-profiler-bucket-allocator-granularity=16"
    "memorysetup-profiler-bucket-allocator-bucket-count=8"
    "memorysetup-profiler-bucket-allocator-block-size=33554432"
    "memorysetup-profiler-bucket-allocator-block-count=8"
    "memorysetup-profiler-allocator-block-size=16777216"
    "memorysetup-profiler-editor-allocator-block-size=1048576"
    "memorysetup-temp-allocator-size-main=16777216"
    "memorysetup-job-temp-allocator-block-size=2097152"
    "memorysetup-job-temp-allocator-block-size-background=1048576"
    "memorysetup-job-temp-allocator-reduction-small-platforms=262144"
    "memorysetup-temp-allocator-size-background-worker=32768"
    "memorysetup-temp-allocator-size-job-worker=262144"
    "memorysetup-temp-allocator-size-preload-manager=33554432"
    "memorysetup-temp-allocator-size-nav-mesh-worker=65536"
    "memorysetup-temp-allocator-size-audio-worker=65536"
    "memorysetup-temp-allocator-size-cloud-worker=32768"
    "memorysetup-temp-allocator-size-gi-baking-worker=262144"
    "memorysetup-temp-allocator-size-gfx=262144"
Refreshing native plugins compatible for Editor in 299.40 ms, found 3 plugins.
Preloading 0 native plugins for Editor in 0.00 ms.
Initialize engine version: 2021.3.14f1 (eee1884e7226)
[Subsystems] Discovering subsystems at path C:/Program Files/Unity/Hub/Editor/2021.3.14f1/Editor/Data/Resources/UnitySubsystems
[Subsystems] Discovering subsystems at path C:/Users/YOONHA/GitHub/new/gotoClass/My project/Assets
GfxDevice: creating device client; threaded=0; jobified=0
Direct3D:
    Version:  Direct3D 11.0 [level 11.1]
    Renderer: Intel(R) UHD Graphics 620 (ID=0x3ea0)
    Vendor:   Intel
    VRAM:     3992 MB
    Driver:   25.20.100.6471
Initialize mono
Mono path[0] = 'C:/Program Files/Unity/Hub/Editor/2021.3.14f1/Editor/Data/Managed'
Mono path[1] = 'C:/Program Files/Unity/Hub/Editor/2021.3.14f1/Editor/Data/MonoBleedingEdge/lib/mono/unityjit-win32'
Mono config path = 'C:/Program Files/Unity/Hub/Editor/2021.3.14f1/Editor/Data/MonoBleedingEdge/etc'
Using monoOptions --debugger-agent=transport=dt_socket,embedding=1,server=y,suspend=n,address=127.0.0.1:56872
Begin MonoManager ReloadAssembly
Registering precompiled unity dll's ...
Register platform support module: C:/Program Files/Unity/Hub/Editor/2021.3.14f1/Editor/Data/PlaybackEngines/WindowsStandaloneSupport/UnityEditor.WindowsStandalone.Extensions.dll
Registered in 0.040044 seconds.
Native extension for WindowsStandalone target not found
Refreshing native plugins compatible for Editor in 180.14 ms, found 3 plugins.
Preloading 0 native plugins for Editor in 0.00 ms.
Mono: successfully reloaded assembly
- Completed reload, in  1.640 seconds
Domain Reload Profiling:
	ReloadAssembly (1641ms)
		BeginReloadAssembly (445ms)
			ExecutionOrderSort (0ms)
			DisableScriptedObjects (0ms)
			BackupInstance (0ms)
			ReleaseScriptingObjects (0ms)
			CreateAndSetChildDomain (4ms)
		EndReloadAssembly (807ms)
			LoadAssemblies (425ms)
			RebuildTransferFunctionScriptingTraits (0ms)
			SetupTypeCache (181ms)
			ReleaseScriptCaches (0ms)
			RebuildScriptCaches (49ms)
			SetupLoadedEditorAssemblies (483ms)
				LogAssemblyErrors (0ms)
				InitializePlatformSupportModulesInManaged (16ms)
				SetLoadedEditorAssemblies (0ms)
				RefreshPlugins (180ms)
				BeforeProcessingInitializeOnLoad (3ms)
				ProcessInitializeOnLoadAttributes (193ms)
				ProcessInitializeOnLoadMethodAttributes (90ms)
				AfterProcessingInitializeOnLoad (0ms)
				EditorAssembliesLoaded (0ms)
			ExecutionOrderSort2 (0ms)
			AwakeInstancesAfterBackupRestoration (0ms)
Platform modules already initialized, skipping
Registering precompiled user dll's ...
Registered in 0.022960 seconds.
Begin MonoManager ReloadAssembly
Symbol file LoadedFromMemory doesn't match image C:\Users\YOONHA\GitHub\new\gotoClass\My project\Library\PackageCache\com.unity.visualscripting@1.7.8\Editor\VisualScripting.Core\Dependencies\YamlDotNet\Unity.VisualScripting.YamlDotNet.dll
Symbol file LoadedFromMemory doesn't match image C:\Users\YOONHA\GitHub\new\gotoClass\My project\Library\PackageCache\com.unity.visualscripting@1.7.8\Editor\VisualScripting.Core\Dependencies\DotNetZip\Unity.VisualScripting.IonicZip.dll
Native extension for WindowsStandalone target not found
Refreshing native plugins compatible for Editor in 0.90 ms, found 3 plugins.
Preloading 0 native plugins for Editor in 0.00 ms.
Mono: successfully reloaded assembly
- Completed reload, in  2.187 seconds
Domain Reload Profiling:
	ReloadAssembly (2188ms)
		BeginReloadAssembly (230ms)
			ExecutionOrderSort (0ms)
			DisableScriptedObjects (8ms)
			BackupInstance (0ms)
			ReleaseScriptingObjects (0ms)
			CreateAndSetChildDomain (27ms)
		EndReloadAssembly (1760ms)
			LoadAssemblies (369ms)
			RebuildTransferFunctionScriptingTraits (0ms)
			SetupTypeCache (486ms)
			ReleaseScriptCaches (1ms)
			RebuildScriptCaches (74ms)
			SetupLoadedEditorAssemblies (772ms)
				LogAssemblyErrors (0ms)
				InitializePlatformSupportModulesInManaged (15ms)
				SetLoadedEditorAssemblies (0ms)
				RefreshPlugins (1ms)
				BeforeProcessingInitializeOnLoad (186ms)
				ProcessInitializeOnLoadAttributes (472ms)
				ProcessInitializeOnLoadMethodAttributes (56ms)
				AfterProcessingInitializeOnLoad (41ms)
				EditorAssembliesLoaded (0ms)
			ExecutionOrderSort2 (0ms)
			AwakeInstancesAfterBackupRestoration (31ms)
Platform modules already initialized, skipping
========================================================================
Worker process is ready to serve import requests
Launched and connected shader compiler UnityShaderCompiler.exe after 0.10 seconds
Refreshing native plugins compatible for Editor in 1.18 ms, found 3 plugins.
Preloading 0 native plugins for Editor in 0.00 ms.
Unloading 3592 Unused Serialized files (Serialized files now loaded: 0)
Unloading 39 unused Assets / (1.3 MB). Loaded Objects now: 4057.
Memory consumption went from 146.8 MB to 145.5 MB.
Total: 5.516700 ms (FindLiveObjects: 0.409200 ms CreateObjectMapping: 0.325400 ms MarkObjects: 4.435500 ms  DeleteObjects: 0.345400 ms)

AssetImportParameters requested are different than current active one (requested -> active):
  custom:video-decoder-ogg-theora: a1e56fd34408186e4bbccfd4996cb3dc -> 
  custom:container-muxer-webm: aa71ff27fc2769a1b78a27578f13a17b -> 
  custom:container-demuxer-webm: 4f35f7cbe854078d1ac9338744f61a02 -> 
  custom:video-encoder-webm-vp8: eb34c28f22e8b96e1ab97ce403110664 -> 
  custom:audio-encoder-webm-vorbis: bf7c407c2cedff20999df2af8eb42d56 -> 
  custom:framework-win-MediaFoundation: 216162199b28c13a410421893ffa2e32 -> 
  custom:container-demuxer-ogg: 62fdf1f143b41e24485cea50d1cbac27 -> 
  custom:video-decoder-webm-vp8: 9c59270c3fd7afecdb556c50c9e8de78 -> 
  custom:audio-decoder-ogg-vorbis: bf7c407c2cedff20999df2af8eb42d56 -> 
========================================================================
Received Import Request.
  Time since last request: 60015.470935 seconds.
  path: Assets/school/Prefabs/props/wall4.prefab
  artifactKey: Guid(2d0d657c1182735489e24a5ce302b99c) Importer(815301076,1909f56bfc062723c751e8b465ee728b)
Start importing Assets/school/Prefabs/props/wall4.prefab using Guid(2d0d657c1182735489e24a5ce302b99c) Importer(815301076,1909f56bfc062723c751e8b465ee728b)  -> (artifact id: 'f542fbc6131fd85983e0014404a896f7') in 0.205378 seconds 
========================================================================
Received Import Request.
  Time since last request: 2082.862994 seconds.
  path: Assets/school/Prefabs/road
  artifactKey: Guid(3971f944cb563c44abff18954cc780c7) Importer(815301076,1909f56bfc062723c751e8b465ee728b)
Start importing Assets/school/Prefabs/road using Guid(3971f944cb563c44abff18954cc780c7) Importer(815301076,1909f56bfc062723c751e8b465ee728b)  -> (artifact id: '4e3e25b8a60add2e530fb0a53381d48b') in 0.016504 seconds 
========================================================================
Received Import Request.
  Time since last request: 0.377190 seconds.
  path: Assets/school/Prefabs/road/doroga — krest.prefab
  artifactKey: Guid(bc6109ee673f0a244981c84f7b064a43) Importer(815301076,1909f56bfc062723c751e8b465ee728b)
Start importing Assets/school/Prefabs/road/doroga — krest.prefab using Guid(bc6109ee673f0a244981c84f7b064a43) Importer(815301076,1909f56bfc062723c751e8b465ee728b)  -> (artifact id: 'fc49f4266f8d8475b0b76adfde17a044') in 0.033678 seconds 
========================================================================
Received Import Request.
  Time since last request: 0.000048 seconds.
  path: Assets/school/Prefabs/road/floor1.prefab
  artifactKey: Guid(be4105263a3576a4a9d8bb22a5f5ca29) Importer(815301076,1909f56bfc062723c751e8b465ee728b)
Start importing Assets/school/Prefabs/road/floor1.prefab using Guid(be4105263a3576a4a9d8bb22a5f5ca29) Importer(815301076,1909f56bfc062723c751e8b465ee728b)  -> (artifact id: '09fabba4b0343e6a39fd33f14cf314e8') in 0.040574 seconds 
========================================================================
Received Import Request.
  Time since last request: 0.000019 seconds.
  path: Assets/school/Prefabs/road/floor.prefab
  artifactKey: Guid(405988af1bd38ee4fb92e86058b6c926) Importer(815301076,1909f56bfc062723c751e8b465ee728b)
Start importing Assets/school/Prefabs/road/floor.prefab using Guid(405988af1bd38ee4fb92e86058b6c926) Importer(815301076,1909f56bfc062723c751e8b465ee728b)  -> (artifact id: 'eefde5fa20ad1a4f6923ced86590ec51') in 0.046190 seconds 
========================================================================
Received Import Request.
  Time since last request: 7.317322 seconds.
  path: Assets/Brick Project Studio/Apartment Kit/_Prefabs/Furniture
  artifactKey: Guid(21a0e291e1f508745aed1c49b27d5434) Importer(815301076,1909f56bfc062723c751e8b465ee728b)
Start importing Assets/Brick Project Studio/Apartment Kit/_Prefabs/Furniture using Guid(21a0e291e1f508745aed1c49b27d5434) Importer(815301076,1909f56bfc062723c751e8b465ee728b)  -> (artifact id: 'b065798e9fd41cb7663392b2a4ea7c64') in 0.014113 seconds 
========================================================================
Received Import Request.
  Time since last request: 2.724965 seconds.
  path: Assets/Brick Project Studio/Apartment Kit/_Prefabs/Furniture/Living Room
  artifactKey: Guid(53e140c5a0581424493108af1eb65836) Importer(815301076,1909f56bfc062723c751e8b465ee728b)
Start importing Assets/Brick Project Studio/Apartment Kit/_Prefabs/Furniture/Living Room using Guid(53e140c5a0581424493108af1eb65836) Importer(815301076,1909f56bfc062723c751e8b465ee728b)  -> (artifact id: '92ac1d0a622436923f77e4f5565d7a2b') in 0.012502 seconds 
========================================================================
Received Import Request.
  Time since last request: 0.040453 seconds.
  path: Assets/Brick Project Studio/Apartment Kit/_Prefabs/Furniture/Living Room/Bench_Apt_01.prefab
  artifactKey: Guid(544e2a3365ece1e428837232ca8b768d) Importer(815301076,1909f56bfc062723c751e8b465ee728b)
Start importing Assets/Brick Project Studio/Apartment Kit/_Prefabs/Furniture/Living Room/Bench_Apt_01.prefab using Guid(544e2a3365ece1e428837232ca8b768d) Importer(815301076,1909f56bfc062723c751e8b465ee728b)  -> (artifact id: '56771caf7cfda712a527ddcde1620cfd') in 0.537900 seconds 
========================================================================
Received Import Request.
  Time since last request: 0.000042 seconds.
  path: Assets/Brick Project Studio/Apartment Kit/_Prefabs/Furniture/Living Room/Table_Computer_01_Setup.prefab
  artifactKey: Guid(7699f5af06713974ba61777a8a830f6e) Importer(815301076,1909f56bfc062723c751e8b465ee728b)
Start importing Assets/Brick Project Studio/Apartment Kit/_Prefabs/Furniture/Living Room/Table_Computer_01_Setup.prefab using Guid(7699f5af06713974ba61777a8a830f6e) Importer(815301076,1909f56bfc062723c751e8b465ee728b)  -> (artifact id: 'fddcaff7f90f5257a5c506fcd2bd6172') in 0.359573 seconds 
========================================================================
Received Import Request.
  Time since last request: 0.000053 seconds.
  path: Assets/Brick Project Studio/Apartment Kit/_Prefabs/Furniture/Living Room/Sofa_Apt_01.prefab
  artifactKey: Guid(d46fa1eeedbcb0e41b8c735b2594b434) Importer(815301076,1909f56bfc062723c751e8b465ee728b)
Start importing Assets/Brick Project Studio/Apartment Kit/_Prefabs/Furniture/Living Room/Sofa_Apt_01.prefab using Guid(d46fa1eeedbcb0e41b8c735b2594b434) Importer(815301076,1909f56bfc062723c751e8b465ee728b)  -> (artifact id: '924d886fd3c2459c9ccb83b786185582') in 0.591309 seconds 
========================================================================
Received Import Request.
  Time since last request: 0.000035 seconds.
  path: Assets/Brick Project Studio/Apartment Kit/_Prefabs/Furniture/Living Room/Shelf_Apt_01.prefab
  artifactKey: Guid(658e64758890bc24ba679c51e2cd2ab3) Importer(815301076,1909f56bfc062723c751e8b465ee728b)
Start importing Assets/Brick Project Studio/Apartment Kit/_Prefabs/Furniture/Living Room/Shelf_Apt_01.prefab using Guid(658e64758890bc24ba679c51e2cd2ab3) Importer(815301076,1909f56bfc062723c751e8b465ee728b)  -> (artifact id: '3c2e7edc77d59cbd56f7f4abc9e04a0c') in 0.050475 seconds 
========================================================================
Received Import Request.
  Time since last request: 0.000181 seconds.
  path: Assets/Brick Project Studio/Apartment Kit/_Prefabs/Furniture/Living Room/Table_Dining_Apt_01_Setup Variant.prefab
  artifactKey: Guid(8949b4a88fb989e4483115e02dfafc96) Importer(815301076,1909f56bfc062723c751e8b465ee728b)
Start importing Assets/Brick Project Studio/Apartment Kit/_Prefabs/Furniture/Living Room/Table_Dining_Apt_01_Setup Variant.prefab using Guid(8949b4a88fb989e4483115e02dfafc96) Importer(815301076,1909f56bfc062723c751e8b465ee728b)  -> (artifact id: 'c54621269439143cd3038bc7d0719ec2') in 0.584807 seconds 
========================================================================
Received Import Request.
  Time since last request: 0.000197 seconds.
  path: Assets/Brick Project Studio/Apartment Kit/_Prefabs/Furniture/Living Room/WallShelf_Apt_02.prefab
  artifactKey: Guid(372a0d77e8005d947bd72f3cf2cbde53) Importer(815301076,1909f56bfc062723c751e8b465ee728b)
Start importing Assets/Brick Project Studio/Apartment Kit/_Prefabs/Furniture/Living Room/WallShelf_Apt_02.prefab using Guid(372a0d77e8005d947bd72f3cf2cbde53) Importer(815301076,1909f56bfc062723c751e8b465ee728b)  -> (artifact id: 'cdcd20300d64578767e7ee72bb33c9f1') in 0.068593 seconds 
========================================================================
Received Import Request.
  Time since last request: 0.000041 seconds.
  path: Assets/Brick Project Studio/Apartment Kit/_Prefabs/Furniture/Living Room/Table_Media_01.prefab
  artifactKey: Guid(54a1d2aa299948d4386f320102e514a9) Importer(815301076,1909f56bfc062723c751e8b465ee728b)
Start importing Assets/Brick Project Studio/Apartment Kit/_Prefabs/Furniture/Living Room/Table_Media_01.prefab using Guid(54a1d2aa299948d4386f320102e514a9) Importer(815301076,1909f56bfc062723c751e8b465ee728b)  -> (artifact id: '5b4cc71c7ff4453207ea886cebd49d46') in 0.584664 seconds 
========================================================================
Received Import Request.
  Time since last request: 52.156965 seconds.
  path: Assets/Food Pack-Demo/Prefabs/Bell pepper green slice.prefab
  artifactKey: Guid(e88c61590b214934980c882847da8ffe) Importer(815301076,1909f56bfc062723c751e8b465ee728b)
Start importing Assets/Food Pack-Demo/Prefabs/Bell pepper green slice.prefab using Guid(e88c61590b214934980c882847da8ffe) Importer(815301076,1909f56bfc062723c751e8b465ee728b)  -> (artifact id: 'c17f98cf1a88aa83990c81e498374f93') in 0.055385 seconds 
========================================================================
Received Import Request.
  Time since last request: 0.000044 seconds.
  path: Assets/Food Pack-Demo/Prefabs/Candy Cane B.prefab
  artifactKey: Guid(0329acc1efc28324e94f5bd5a062069e) Importer(815301076,1909f56bfc062723c751e8b465ee728b)
Start importing Assets/Food Pack-Demo/Prefabs/Candy Cane B.prefab using Guid(0329acc1efc28324e94f5bd5a062069e) Importer(815301076,1909f56bfc062723c751e8b465ee728b)  -> (artifact id: 'f64dfa99a07307cef80cf9980b0b2470') in 0.037291 seconds 
========================================================================
Received Import Request.
  Time since last request: 0.000041 seconds.
  path: Assets/Food Pack-Demo/Prefabs/Coffee Cup C.prefab
  artifactKey: Guid(9618ee5198d5bc14690b61b995f89590) Importer(815301076,1909f56bfc062723c751e8b465ee728b)
Start importing Assets/Food Pack-Demo/Prefabs/Coffee Cup C.prefab using Guid(9618ee5198d5bc14690b61b995f89590) Importer(815301076,1909f56bfc062723c751e8b465ee728b)  -> (artifact id: '22ceaa2eb267da59d433b557ff764dd9') in 0.032317 seconds 
========================================================================
Received Import Request.
  Time since last request: 0.000046 seconds.
  path: Assets/Food Pack-Demo/Prefabs/Frappe B.prefab
  artifactKey: Guid(80568ac56eee4324c9e6b89e04fdcb80) Importer(815301076,1909f56bfc062723c751e8b465ee728b)
Start importing Assets/Food Pack-Demo/Prefabs/Frappe B.prefab using Guid(80568ac56eee4324c9e6b89e04fdcb80) Importer(815301076,1909f56bfc062723c751e8b465ee728b)  -> (artifact id: 'a8b32899d4421c308aacb32d242c3532') in 0.045409 seconds 
========================================================================
Received Import Request.
  Time since last request: 0.000041 seconds.
  path: Assets/Food Pack-Demo/Prefabs/Melon half.prefab
  artifactKey: Guid(f0fd291f44341a44fb9dc45391324a25) Importer(815301076,1909f56bfc062723c751e8b465ee728b)
Start importing Assets/Food Pack-Demo/Prefabs/Melon half.prefab using Guid(f0fd291f44341a44fb9dc45391324a25) Importer(815301076,1909f56bfc062723c751e8b465ee728b)  -> (artifact id: '86803b584aa78f24da9f700e67317d49') in 0.032841 seconds 
========================================================================
Received Import Request.
  Time since last request: 0.000034 seconds.
  path: Assets/Food Pack-Demo/Prefabs/Melon Piece.prefab
  artifactKey: Guid(7097ad9a888dd99458dca648bfbe4c7d) Importer(815301076,1909f56bfc062723c751e8b465ee728b)
Start importing Assets/Food Pack-Demo/Prefabs/Melon Piece.prefab using Guid(7097ad9a888dd99458dca648bfbe4c7d) Importer(815301076,1909f56bfc062723c751e8b465ee728b)  -> (artifact id: 'ea27c0ac2c3e85481831f7d16f757c0d') in 0.037834 seconds 
========================================================================
Received Import Request.
  Time since last request: 0.000040 seconds.
  path: Assets/Food Pack-Demo/Prefabs/Lamb Chop Cooked.prefab
  artifactKey: Guid(44b8404b36524d8498b3c9305721f977) Importer(815301076,1909f56bfc062723c751e8b465ee728b)
Start importing Assets/Food Pack-Demo/Prefabs/Lamb Chop Cooked.prefab using Guid(44b8404b36524d8498b3c9305721f977) Importer(815301076,1909f56bfc062723c751e8b465ee728b)  -> (artifact id: 'a7751ebf037d09986cce53368d042d3e') in 0.037989 seconds 
========================================================================
Received Import Request.
  Time since last request: 0.000034 seconds.
  path: Assets/Food Pack-Demo/Prefabs/Salami A.prefab
  artifactKey: Guid(ef03a6620aa3c864592f399083c51fa2) Importer(815301076,1909f56bfc062723c751e8b465ee728b)
Start importing Assets/Food Pack-Demo/Prefabs/Salami A.prefab using Guid(ef03a6620aa3c864592f399083c51fa2) Importer(815301076,1909f56bfc062723c751e8b465ee728b)  -> (artifact id: '8cc2a2992f48353e901d1e7bb904bbe0') in 0.046184 seconds 
========================================================================
Received Import Request.
  Time since last request: 0.000056 seconds.
  path: Assets/Food Pack-Demo/Prefabs/Ketchup Plastic Bottle.prefab
  artifactKey: Guid(739858efac64efd428120d3808c65b43) Importer(815301076,1909f56bfc062723c751e8b465ee728b)
Start importing Assets/Food Pack-Demo/Prefabs/Ketchup Plastic Bottle.prefab using Guid(739858efac64efd428120d3808c65b43) Importer(815301076,1909f56bfc062723c751e8b465ee728b)  -> (artifact id: 'f73ef037bab1ad7ed30b57a67b34ec4e') in 0.067153 seconds 
========================================================================
Received Import Request.
  Time since last request: 0.000037 seconds.
  path: Assets/Food Pack-Demo/Prefabs/Salami slice A.prefab
  artifactKey: Guid(d64228cdf4658ad43a6702d0bfb35387) Importer(815301076,1909f56bfc062723c751e8b465ee728b)
Start importing Assets/Food Pack-Demo/Prefabs/Salami slice A.prefab using Guid(d64228cdf4658ad43a6702d0bfb35387) Importer(815301076,1909f56bfc062723c751e8b465ee728b)  -> (artifact id: '22f72c8de06e52b2f18a79d2d0db9b03') in 0.063711 seconds 
========================================================================
Received Import Request.
  Time since last request: 0.000121 seconds.
  path: Assets/Food Pack-Demo/Prefabs/Sake cup C.prefab
  artifactKey: Guid(1f43572f4b900384795dbd290b6442ca) Importer(815301076,1909f56bfc062723c751e8b465ee728b)
Start importing Assets/Food Pack-Demo/Prefabs/Sake cup C.prefab using Guid(1f43572f4b900384795dbd290b6442ca) Importer(815301076,1909f56bfc062723c751e8b465ee728b)  -> (artifact id: '18893bae94107b3bef61e31be7503691') in 0.065194 seconds 
========================================================================
Received Import Request.
  Time since last request: 0.000034 seconds.
  path: Assets/Food Pack-Demo/Prefabs/Peach half with seed.prefab
  artifactKey: Guid(0ee3df7facab76a4f8e417d21e25e98f) Importer(815301076,1909f56bfc062723c751e8b465ee728b)
Start importing Assets/Food Pack-Demo/Prefabs/Peach half with seed.prefab using Guid(0ee3df7facab76a4f8e417d21e25e98f) Importer(815301076,1909f56bfc062723c751e8b465ee728b)  -> (artifact id: '2d327c4156764e3f4933309d9f674b4b') in 0.068244 seconds 
========================================================================
Received Import Request.
  Time since last request: 0.000103 seconds.
  path: Assets/Food Pack-Demo/Prefabs/Hotdog A.prefab
  artifactKey: Guid(5ebdbc030ec57844d95ccb60b8223fd7) Importer(815301076,1909f56bfc062723c751e8b465ee728b)
Start importing Assets/Food Pack-Demo/Prefabs/Hotdog A.prefab using Guid(5ebdbc030ec57844d95ccb60b8223fd7) Importer(815301076,1909f56bfc062723c751e8b465ee728b)  -> (artifact id: '3a720d78d4e2dda56142d86b92a4b306') in 0.066408 seconds 
========================================================================
Received Import Request.
  Time since last request: 18.025623 seconds.
  path: Assets/New Terrain.asset
  artifactKey: Guid(08e8a40a3de2c1e4cbfd2c6a7e892073) Importer(815301076,1909f56bfc062723c751e8b465ee728b)
Start importing Assets/New Terrain.asset using Guid(08e8a40a3de2c1e4cbfd2c6a7e892073) Importer(815301076,1909f56bfc062723c751e8b465ee728b)  -> (artifact id: '14e54307dc2f3e7c79379faec36e296c') in 0.081240 seconds 
========================================================================
Received Import Request.
  Time since last request: 64.658612 seconds.
  path: Assets/FREE Food Pack/Prefabs/Avocado.prefab
  artifactKey: Guid(3245fc5926a7535429f2989cab01a844) Importer(815301076,1909f56bfc062723c751e8b465ee728b)
Start importing Assets/FREE Food Pack/Prefabs/Avocado.prefab using Guid(3245fc5926a7535429f2989cab01a844) Importer(815301076,1909f56bfc062723c751e8b465ee728b)  -> (artifact id: '1733c584e7fa8c59bd66e0e5cf83b512') in 0.179403 seconds 
========================================================================
Received Import Request.
  Time since last request: 0.000044 seconds.
  path: Assets/FREE Food Pack/Prefabs/Burger.prefab
  artifactKey: Guid(8155176e03f33f44884efb0dd767197c) Importer(815301076,1909f56bfc062723c751e8b465ee728b)
Start importing Assets/FREE Food Pack/Prefabs/Burger.prefab using Guid(8155176e03f33f44884efb0dd767197c) Importer(815301076,1909f56bfc062723c751e8b465ee728b)  -> (artifact id: 'a7922bc4b8dd77c7dac864c37bcf4915') in 0.081114 seconds 
========================================================================
Received Import Request.
  Time since last request: 0.000059 seconds.
  path: Assets/FREE Food Pack/Prefabs/MeatBall.prefab
  artifactKey: Guid(0ba895ba2fb0b824798ba01dd8206fe7) Importer(815301076,1909f56bfc062723c751e8b465ee728b)
Start importing Assets/FREE Food Pack/Prefabs/MeatBall.prefab using Guid(0ba895ba2fb0b824798ba01dd8206fe7) Importer(815301076,1909f56bfc062723c751e8b465ee728b)  -> (artifact id: '8229141708f6e6a5e3cd9e2a15a3c8c9') in 0.074549 seconds 
========================================================================
Received Import Request.
  Time since last request: 0.000057 seconds.
  path: Assets/FREE Food Pack/Prefabs/Pepper.prefab
  artifactKey: Guid(789e3e78d5881e844ba2a11afa41cbde) Importer(815301076,1909f56bfc062723c751e8b465ee728b)
Start importing Assets/FREE Food Pack/Prefabs/Pepper.prefab using Guid(789e3e78d5881e844ba2a11afa41cbde) Importer(815301076,1909f56bfc062723c751e8b465ee728b)  -> (artifact id: 'bfe44a6114f2840ea65b4850479d848a') in 0.074517 seconds 
========================================================================
Received Import Request.
  Time since last request: 0.000107 seconds.
  path: Assets/FREE Food Pack/Prefabs/Muffin.prefab
  artifactKey: Guid(78dec3a2e9e50fc46882f9cc3751f692) Importer(815301076,1909f56bfc062723c751e8b465ee728b)
Start importing Assets/FREE Food Pack/Prefabs/Muffin.prefab using Guid(78dec3a2e9e50fc46882f9cc3751f692) Importer(815301076,1909f56bfc062723c751e8b465ee728b)  -> (artifact id: '355f692e34413e1358d83b5e989e287d') in 0.068214 seconds 
========================================================================
Received Import Request.
  Time since last request: 0.000042 seconds.
  path: Assets/FREE Food Pack/Prefabs/Omelette.prefab
  artifactKey: Guid(9bd75eed56fa9054984b2ba5678076ea) Importer(815301076,1909f56bfc062723c751e8b465ee728b)
Start importing Assets/FREE Food Pack/Prefabs/Omelette.prefab using Guid(9bd75eed56fa9054984b2ba5678076ea) Importer(815301076,1909f56bfc062723c751e8b465ee728b)  -> (artifact id: '80b2aff7a8837f236c73d799b83e363e') in 0.070617 seconds 
========================================================================
Received Import Request.
  Time since last request: 0.000095 seconds.
  path: Assets/FREE Food Pack/Prefabs/Chips_Bag.prefab
  artifactKey: Guid(91e1f9e8a986ed344be385215d3145b3) Importer(815301076,1909f56bfc062723c751e8b465ee728b)
Start importing Assets/FREE Food Pack/Prefabs/Chips_Bag.prefab using Guid(91e1f9e8a986ed344be385215d3145b3) Importer(815301076,1909f56bfc062723c751e8b465ee728b)  -> (artifact id: 'eea095662ebe598a37bac96e2b2f7362') in 0.077681 seconds 
========================================================================
Received Import Request.
  Time since last request: 0.000033 seconds.
  path: Assets/FREE Food Pack/Prefabs/Onigiri.prefab
  artifactKey: Guid(b93286b7dfa93834caec88d1044606c2) Importer(815301076,1909f56bfc062723c751e8b465ee728b)
Start importing Assets/FREE Food Pack/Prefabs/Onigiri.prefab using Guid(b93286b7dfa93834caec88d1044606c2) Importer(815301076,1909f56bfc062723c751e8b465ee728b)  -> (artifact id: '255b7d005cefa9eaaa5177bd39d07794') in 0.069756 seconds 
========================================================================
Received Import Request.
  Time since last request: 0.000034 seconds.
  path: Assets/FREE Food Pack/Prefabs/Shrimp.prefab
  artifactKey: Guid(819bc2dc8cc285d4db64ae40568e2150) Importer(815301076,1909f56bfc062723c751e8b465ee728b)
Start importing Assets/FREE Food Pack/Prefabs/Shrimp.prefab using Guid(819bc2dc8cc285d4db64ae40568e2150) Importer(815301076,1909f56bfc062723c751e8b465ee728b)  -> (artifact id: 'fc8b21bcbf41d85977283aa08128efe0') in 0.078940 seconds 
========================================================================
Received Import Request.
  Time since last request: 0.000045 seconds.
  path: Assets/FREE Food Pack/Prefabs/IceCream_Cone.prefab
  artifactKey: Guid(87a32384fe2633648996ab825d5f4b5b) Importer(815301076,1909f56bfc062723c751e8b465ee728b)
Start importing Assets/FREE Food Pack/Prefabs/IceCream_Cone.prefab using Guid(87a32384fe2633648996ab825d5f4b5b) Importer(815301076,1909f56bfc062723c751e8b465ee728b)  -> (artifact id: '0642650b05373966d5b858e8a4b97f7e') in 0.082209 seconds 
========================================================================
Received Import Request.
  Time since last request: 0.000040 seconds.
  path: Assets/FREE Food Pack/Prefabs/Sausage.prefab
  artifactKey: Guid(43d9530894ffb9e468b06ef86dc4efa8) Importer(815301076,1909f56bfc062723c751e8b465ee728b)
Start importing Assets/FREE Food Pack/Prefabs/Sausage.prefab using Guid(43d9530894ffb9e468b06ef86dc4efa8) Importer(815301076,1909f56bfc062723c751e8b465ee728b)  -> (artifact id: '0b141d5d49d7ac8e4e3608c36c22ccf1') in 0.078954 seconds 
========================================================================
Received Import Request.
  Time since last request: 0.000045 seconds.
  path: Assets/FREE Food Pack/Prefabs/Fries.prefab
  artifactKey: Guid(9b21be590f33e0d4ba19fec73ce555da) Importer(815301076,1909f56bfc062723c751e8b465ee728b)
Start importing Assets/FREE Food Pack/Prefabs/Fries.prefab using Guid(9b21be590f33e0d4ba19fec73ce555da) Importer(815301076,1909f56bfc062723c751e8b465ee728b)  -> (artifact id: '4343979af1f8ac81f1c5653ce789e197') in 0.083590 seconds 
========================================================================
Received Import Request.
  Time since last request: 0.000121 seconds.
  path: Assets/FREE Food Pack/Prefabs/Saucisson.prefab
  artifactKey: Guid(a3de4bde509a12c4794522b17abcea44) Importer(815301076,1909f56bfc062723c751e8b465ee728b)
Start importing Assets/FREE Food Pack/Prefabs/Saucisson.prefab using Guid(a3de4bde509a12c4794522b17abcea44) Importer(815301076,1909f56bfc062723c751e8b465ee728b)  -> (artifact id: '87cc86b0e3c6b76b6d007089c079214e') in 0.081523 seconds 
========================================================================
Received Import Request.
  Time since last request: 0.000065 seconds.
  path: Assets/FREE Food Pack/Prefabs/Coconut.prefab
  artifactKey: Guid(45c7dddf851acbb4e94a8fc0ead66eed) Importer(815301076,1909f56bfc062723c751e8b465ee728b)
Start importing Assets/FREE Food Pack/Prefabs/Coconut.prefab using Guid(45c7dddf851acbb4e94a8fc0ead66eed) Importer(815301076,1909f56bfc062723c751e8b465ee728b)  -> (artifact id: '6b24a1aca60e85c00e4bb7035ace7a35') in 0.082787 seconds 
========================================================================
Received Import Request.
  Time since last request: 0.000045 seconds.
  path: Assets/FREE Food Pack/Prefabs/Onion.prefab
  artifactKey: Guid(097013ceeb8052648be3891c0984df9a) Importer(815301076,1909f56bfc062723c751e8b465ee728b)
Start importing Assets/FREE Food Pack/Prefabs/Onion.prefab using Guid(097013ceeb8052648be3891c0984df9a) Importer(815301076,1909f56bfc062723c751e8b465ee728b)  -> (artifact id: 'd3557d3fee7af86f0b405756d8f6dc13') in 0.098088 seconds 
========================================================================
Received Import Request.
  Time since last request: 0.000043 seconds.
  path: Assets/FREE Food Pack/Prefabs/Mochi.prefab
  artifactKey: Guid(cc3c5a058e6bb634781860012b9aa683) Importer(815301076,1909f56bfc062723c751e8b465ee728b)
Start importing Assets/FREE Food Pack/Prefabs/Mochi.prefab using Guid(cc3c5a058e6bb634781860012b9aa683) Importer(815301076,1909f56bfc062723c751e8b465ee728b)  -> (artifact id: '716ae8831fefe79048f2a0db971a1b0a') in 0.084996 seconds 
========================================================================
Received Import Request.
  Time since last request: 0.000099 seconds.
  path: Assets/FREE Food Pack/Prefabs/Cheese_01.prefab
  artifactKey: Guid(8d8015ded5f690247a600cc376e7b0e8) Importer(815301076,1909f56bfc062723c751e8b465ee728b)
Start importing Assets/FREE Food Pack/Prefabs/Cheese_01.prefab using Guid(8d8015ded5f690247a600cc376e7b0e8) Importer(815301076,1909f56bfc062723c751e8b465ee728b)  -> (artifact id: '5a75e0328dc5482ae7e7639c37333a93') in 0.083997 seconds 
========================================================================
Received Import Request.
  Time since last request: 0.000153 seconds.
  path: Assets/FREE Food Pack/Prefabs/Pizza.prefab
  artifactKey: Guid(2a79153a0e896724caa73afa19f708c8) Importer(815301076,1909f56bfc062723c751e8b465ee728b)
Start importing Assets/FREE Food Pack/Prefabs/Pizza.prefab using Guid(2a79153a0e896724caa73afa19f708c8) Importer(815301076,1909f56bfc062723c751e8b465ee728b)  -> (artifact id: 'cabbc3c7918b82bd301ed76e79b63db8') in 0.076916 seconds 
========================================================================
Received Import Request.
  Time since last request: 0.000064 seconds.
  path: Assets/FREE Food Pack/Prefabs/Croissant.prefab
  artifactKey: Guid(94d292219d961b445b269659a3994172) Importer(815301076,1909f56bfc062723c751e8b465ee728b)
Start importing Assets/FREE Food Pack/Prefabs/Croissant.prefab using Guid(94d292219d961b445b269659a3994172) Importer(815301076,1909f56bfc062723c751e8b465ee728b)  -> (artifact id: '7af817873fdd6b473adedc63c8153822') in 0.078834 seconds 
========================================================================
Received Import Request.
  Time since last request: 0.000066 seconds.
  path: Assets/FREE Food Pack/Prefabs/Drink_02.prefab
  artifactKey: Guid(4f544c14cf326b843a5f07e7de41640e) Importer(815301076,1909f56bfc062723c751e8b465ee728b)
Start importing Assets/FREE Food Pack/Prefabs/Drink_02.prefab using Guid(4f544c14cf326b843a5f07e7de41640e) Importer(815301076,1909f56bfc062723c751e8b465ee728b)  -> (artifact id: 'e27567583697ebf30296c87ed59da418') in 0.091429 seconds 
========================================================================
Received Import Request.
  Time since last request: 20.356867 seconds.
  path: Assets/FREE Food Pack/Prefabs/Steak_Uncooked.prefab
  artifactKey: Guid(c50664c203e2d3d4bbe40a0ffea7d149) Importer(815301076,1909f56bfc062723c751e8b465ee728b)
Start importing Assets/FREE Food Pack/Prefabs/Steak_Uncooked.prefab using Guid(c50664c203e2d3d4bbe40a0ffea7d149) Importer(815301076,1909f56bfc062723c751e8b465ee728b)  -> (artifact id: 'de93cdf3a8c1f657c6fdc4c9a8e24b8b') in 0.053569 seconds 
========================================================================
Received Import Request.
  Time since last request: 0.000033 seconds.
  path: Assets/FREE Food Pack/Prefabs/Toast.prefab
  artifactKey: Guid(00a1a863a89404d46a228ffab189f332) Importer(815301076,1909f56bfc062723c751e8b465ee728b)
Start importing Assets/FREE Food Pack/Prefabs/Toast.prefab using Guid(00a1a863a89404d46a228ffab189f332) Importer(815301076,1909f56bfc062723c751e8b465ee728b)  -> (artifact id: 'b334be9097d48a3073a7e3fbff221197') in 0.078691 seconds 
========================================================================
Received Import Request.
  Time since last request: 0.000045 seconds.
  path: Assets/FREE Food Pack/Prefabs/Wine_Bottle.prefab
  artifactKey: Guid(c48a3ebf277ae9f46bc06489f5850636) Importer(815301076,1909f56bfc062723c751e8b465ee728b)
Start importing Assets/FREE Food Pack/Prefabs/Wine_Bottle.prefab using Guid(c48a3ebf277ae9f46bc06489f5850636) Importer(815301076,1909f56bfc062723c751e8b465ee728b)  -> (artifact id: 'cf2e85b670a83cd825c87029b9507c52') in 0.061068 seconds 
========================================================================
Received Import Request.
  Time since last request: 0.000092 seconds.
  path: Assets/FREE Food Pack/Prefabs/Tempura.prefab
  artifactKey: Guid(3c2e7dbde68087547ae2eeca74dffec4) Importer(815301076,1909f56bfc062723c751e8b465ee728b)
Start importing Assets/FREE Food Pack/Prefabs/Tempura.prefab using Guid(3c2e7dbde68087547ae2eeca74dffec4) Importer(815301076,1909f56bfc062723c751e8b465ee728b)  -> (artifact id: 'abd3b7136ae82119a754f78a9ccfa6f0') in 0.062095 seconds 
Editor requested this worker to shutdown with reason: Scaling down because of idle timeout
AssetImportWorker is now disconnected from the server
Process exiting
Exiting without the bug reporter. Application will terminate with return code 0