Using pre-set license
Built from '2021.3/staging' branch; Version is '2021.3.14f1 (eee1884e7226) revision 15655304'; Using compiler version '192829333'; Build Type 'Release'
OS: 'Windows 10  (10.0.19044) 64bit Education' Language: 'ko' Physical Memory: 7985 MB
BatchMode: 1, IsHumanControllingUs: 0, StartBugReporterOnCrash: 0, Is64bit: 1, IsPro: 1

COMMAND LINE ARGUMENTS:
C:\Program Files\Unity\Hub\Editor\2021.3.14f1\Editor\Unity.exe
-adb2
-batchMode
-noUpm
-name
AssetImportWorker2
-projectPath
C:/Users/YOONHA/GitHub/new/gotoClass/My project
-logFile
Logs/AssetImportWorker2.log
-srvPort
1312
Successfully changed project path to: C:/Users/YOONHA/GitHub/new/gotoClass/My project
C:/Users/YOONHA/GitHub/new/gotoClass/My project
[UnityMemory] Configuration Parameters - Can be set up in boot.config
    "memorysetup-bucket-allocator-granularity=16"
    "memorysetup-bucket-allocator-bucket-count=8"
    "memorysetup-bucket-allocator-block-size=33554432"
    "memorysetup-bucket-allocator-block-count=8"
    "memorysetup-main-allocator-block-size=16777216"
    "memorysetup-thread-allocator-block-size=16777216"
    "memorysetup-gfx-main-allocator-block-size=16777216"
    "memorysetup-gfx-thread-allocator-block-size=16777216"
    "memorysetup-cache-allocator-block-size=4194304"
    "memorysetup-typetree-allocator-block-size=2097152"
    "memorysetup-profiler-bucket-allocator-granularity=16"
    "memorysetup-profiler-bucket-allocator-bucket-count=8"
    "memorysetup-profiler-bucket-allocator-block-size=33554432"
    "memorysetup-profiler-bucket-allocator-block-count=8"
    "memorysetup-profiler-allocator-block-size=16777216"
    "memorysetup-profiler-editor-allocator-block-size=1048576"
    "memorysetup-temp-allocator-size-main=16777216"
    "memorysetup-job-temp-allocator-block-size=2097152"
    "memorysetup-job-temp-allocator-block-size-background=1048576"
    "memorysetup-job-temp-allocator-reduction-small-platforms=262144"
    "memorysetup-temp-allocator-size-background-worker=32768"
    "memorysetup-temp-allocator-size-job-worker=262144"
    "memorysetup-temp-allocator-size-preload-manager=33554432"
    "memorysetup-temp-allocator-size-nav-mesh-worker=65536"
    "memorysetup-temp-allocator-size-audio-worker=65536"
    "memorysetup-temp-allocator-size-cloud-worker=32768"
    "memorysetup-temp-allocator-size-gi-baking-worker=262144"
    "memorysetup-temp-allocator-size-gfx=262144"
Refreshing native plugins compatible for Editor in 178.10 ms, found 3 plugins.
Preloading 0 native plugins for Editor in 0.00 ms.
Initialize engine version: 2021.3.14f1 (eee1884e7226)
[Subsystems] Discovering subsystems at path C:/Program Files/Unity/Hub/Editor/2021.3.14f1/Editor/Data/Resources/UnitySubsystems
[Subsystems] Discovering subsystems at path C:/Users/YOONHA/GitHub/new/gotoClass/My project/Assets
GfxDevice: creating device client; threaded=0; jobified=0
Direct3D:
    Version:  Direct3D 11.0 [level 11.1]
    Renderer: Intel(R) UHD Graphics 620 (ID=0x3ea0)
    Vendor:   Intel
    VRAM:     3992 MB
    Driver:   25.20.100.6471
Initialize mono
Mono path[0] = 'C:/Program Files/Unity/Hub/Editor/2021.3.14f1/Editor/Data/Managed'
Mono path[1] = 'C:/Program Files/Unity/Hub/Editor/2021.3.14f1/Editor/Data/MonoBleedingEdge/lib/mono/unityjit-win32'
Mono config path = 'C:/Program Files/Unity/Hub/Editor/2021.3.14f1/Editor/Data/MonoBleedingEdge/etc'
Using monoOptions --debugger-agent=transport=dt_socket,embedding=1,server=y,suspend=n,address=127.0.0.1:56636
Begin MonoManager ReloadAssembly
Registering precompiled unity dll's ...
Register platform support module: C:/Program Files/Unity/Hub/Editor/2021.3.14f1/Editor/Data/PlaybackEngines/WindowsStandaloneSupport/UnityEditor.WindowsStandalone.Extensions.dll
Registered in 0.033309 seconds.
Native extension for WindowsStandalone target not found
Refreshing native plugins compatible for Editor in 215.61 ms, found 3 plugins.
Preloading 0 native plugins for Editor in 0.00 ms.
Mono: successfully reloaded assembly
- Completed reload, in  1.640 seconds
Domain Reload Profiling:
	ReloadAssembly (1641ms)
		BeginReloadAssembly (365ms)
			ExecutionOrderSort (0ms)
			DisableScriptedObjects (0ms)
			BackupInstance (0ms)
			ReleaseScriptingObjects (0ms)
			CreateAndSetChildDomain (1ms)
		EndReloadAssembly (981ms)
			LoadAssemblies (359ms)
			RebuildTransferFunctionScriptingTraits (0ms)
			SetupTypeCache (223ms)
			ReleaseScriptCaches (0ms)
			RebuildScriptCaches (54ms)
			SetupLoadedEditorAssemblies (565ms)
				LogAssemblyErrors (0ms)
				InitializePlatformSupportModulesInManaged (23ms)
				SetLoadedEditorAssemblies (0ms)
				RefreshPlugins (216ms)
				BeforeProcessingInitializeOnLoad (2ms)
				ProcessInitializeOnLoadAttributes (230ms)
				ProcessInitializeOnLoadMethodAttributes (93ms)
				AfterProcessingInitializeOnLoad (0ms)
				EditorAssembliesLoaded (0ms)
			ExecutionOrderSort2 (0ms)
			AwakeInstancesAfterBackupRestoration (0ms)
Platform modules already initialized, skipping
Registering precompiled user dll's ...
Registered in 0.057635 seconds.
Begin MonoManager ReloadAssembly
Symbol file LoadedFromMemory doesn't match image C:\Users\YOONHA\GitHub\new\gotoClass\My project\Library\PackageCache\com.unity.visualscripting@1.7.8\Editor\VisualScripting.Core\Dependencies\YamlDotNet\Unity.VisualScripting.YamlDotNet.dll
Symbol file LoadedFromMemory doesn't match image C:\Users\YOONHA\GitHub\new\gotoClass\My project\Library\PackageCache\com.unity.visualscripting@1.7.8\Editor\VisualScripting.Core\Dependencies\DotNetZip\Unity.VisualScripting.IonicZip.dll
Native extension for WindowsStandalone target not found
Refreshing native plugins compatible for Editor in 2.09 ms, found 3 plugins.
Preloading 0 native plugins for Editor in 0.00 ms.
Mono: successfully reloaded assembly
- Completed reload, in  2.954 seconds
Domain Reload Profiling:
	ReloadAssembly (2957ms)
		BeginReloadAssembly (478ms)
			ExecutionOrderSort (0ms)
			DisableScriptedObjects (14ms)
			BackupInstance (0ms)
			ReleaseScriptingObjects (0ms)
			CreateAndSetChildDomain (45ms)
		EndReloadAssembly (2195ms)
			LoadAssemblies (588ms)
			RebuildTransferFunctionScriptingTraits (0ms)
			SetupTypeCache (595ms)
			ReleaseScriptCaches (2ms)
			RebuildScriptCaches (112ms)
			SetupLoadedEditorAssemblies (1013ms)
				LogAssemblyErrors (0ms)
				InitializePlatformSupportModulesInManaged (17ms)
				SetLoadedEditorAssemblies (1ms)
				RefreshPlugins (2ms)
				BeforeProcessingInitializeOnLoad (253ms)
				ProcessInitializeOnLoadAttributes (629ms)
				ProcessInitializeOnLoadMethodAttributes (61ms)
				AfterProcessingInitializeOnLoad (50ms)
				EditorAssembliesLoaded (0ms)
			ExecutionOrderSort2 (0ms)
			AwakeInstancesAfterBackupRestoration (30ms)
Platform modules already initialized, skipping
========================================================================
Worker process is ready to serve import requests
Launched and connected shader compiler UnityShaderCompiler.exe after 0.13 seconds
Refreshing native plugins compatible for Editor in 3.36 ms, found 3 plugins.
Preloading 0 native plugins for Editor in 0.00 ms.
Unloading 3596 Unused Serialized files (Serialized files now loaded: 0)
Unloading 39 unused Assets / (1.3 MB). Loaded Objects now: 4061.
Memory consumption went from 147.3 MB to 146.0 MB.
Total: 12.557000 ms (FindLiveObjects: 1.163500 ms CreateObjectMapping: 0.615000 ms MarkObjects: 10.130900 ms  DeleteObjects: 0.622600 ms)

AssetImportParameters requested are different than current active one (requested -> active):
  custom:video-decoder-ogg-theora: a1e56fd34408186e4bbccfd4996cb3dc -> 
  custom:container-muxer-webm: aa71ff27fc2769a1b78a27578f13a17b -> 
  custom:container-demuxer-webm: 4f35f7cbe854078d1ac9338744f61a02 -> 
  custom:video-encoder-webm-vp8: eb34c28f22e8b96e1ab97ce403110664 -> 
  custom:audio-encoder-webm-vorbis: bf7c407c2cedff20999df2af8eb42d56 -> 
  custom:framework-win-MediaFoundation: 216162199b28c13a410421893ffa2e32 -> 
  custom:container-demuxer-ogg: 62fdf1f143b41e24485cea50d1cbac27 -> 
  custom:video-decoder-webm-vp8: 9c59270c3fd7afecdb556c50c9e8de78 -> 
  custom:audio-decoder-ogg-vorbis: bf7c407c2cedff20999df2af8eb42d56 -> 
========================================================================
Received Import Request.
  Time since last request: 196585.903182 seconds.
  path: Packages/com.unity.progrids/Font/Asap-Medium-ProGrids.otf
  artifactKey: Guid(8c2220bd5fd560c4297e93c4c66a2ba8) Importer(815301076,1909f56bfc062723c751e8b465ee728b)
Start importing Packages/com.unity.progrids/Font/Asap-Medium-ProGrids.otf using Guid(8c2220bd5fd560c4297e93c4c66a2ba8) Importer(815301076,1909f56bfc062723c751e8b465ee728b)  -> (artifact id: '6daae0428b154cd90fe88e443f2df89d') in 0.895980 seconds 
========================================================================
Received Import Request.
  Time since last request: 0.000063 seconds.
  path: Assets/FREE Food Pack/Materials/Food_Fresnel.mat
  artifactKey: Guid(dd4330fb196ead84ea9d14e6bbbe8ed5) Importer(815301076,1909f56bfc062723c751e8b465ee728b)
Start importing Assets/FREE Food Pack/Materials/Food_Fresnel.mat using Guid(dd4330fb196ead84ea9d14e6bbbe8ed5) Importer(815301076,1909f56bfc062723c751e8b465ee728b)  -> (artifact id: '2d233508aacc19d47a3db3a843fde11a') in 0.107142 seconds 
========================================================================
Received Import Request.
  Time since last request: 0.000074 seconds.
  path: Assets/Brick Project Studio/Apartment Kit/Common/Materials/Misc/Lamp 02 Shade - On.mat
  artifactKey: Guid(71e62a5ab55406f4aada84fe885d47b0) Importer(815301076,1909f56bfc062723c751e8b465ee728b)
Start importing Assets/Brick Project Studio/Apartment Kit/Common/Materials/Misc/Lamp 02 Shade - On.mat using Guid(71e62a5ab55406f4aada84fe885d47b0) Importer(815301076,1909f56bfc062723c751e8b465ee728b)  -> (artifact id: 'bcf8e8865535167dc6f8c27ab5803254') in 0.089981 seconds 
========================================================================
Received Import Request.
  Time since last request: 0.000041 seconds.
  path: Assets/Brick Project Studio/Apartment Kit/Common/Materials/Misc/Lamp 02 Table.mat
  artifactKey: Guid(ef49c0bd94883b4498c46a5c772544b3) Importer(815301076,1909f56bfc062723c751e8b465ee728b)
Start importing Assets/Brick Project Studio/Apartment Kit/Common/Materials/Misc/Lamp 02 Table.mat using Guid(ef49c0bd94883b4498c46a5c772544b3) Importer(815301076,1909f56bfc062723c751e8b465ee728b)  -> (artifact id: '8427c31592ee2e328b5c8eed76845c72') in 0.097047 seconds 
========================================================================
Received Import Request.
  Time since last request: 0.000163 seconds.
  path: Assets/TextMesh Pro/Fonts/LiberationSans.ttf
  artifactKey: Guid(e3265ab4bf004d28a9537516768c1c75) Importer(815301076,1909f56bfc062723c751e8b465ee728b)
Start importing Assets/TextMesh Pro/Fonts/LiberationSans.ttf using Guid(e3265ab4bf004d28a9537516768c1c75) Importer(815301076,1909f56bfc062723c751e8b465ee728b)  -> (artifact id: '86e85d55384b22641579099d0f1ce7e8') in 0.071517 seconds 
========================================================================
Received Import Request.
  Time since last request: 0.000079 seconds.
  path: Assets/TextMesh Pro/Resources/Fonts & Materials/LiberationSans SDF - Drop Shadow.mat
  artifactKey: Guid(e73a58f6e2794ae7b1b7e50b7fb811b0) Importer(815301076,1909f56bfc062723c751e8b465ee728b)
Start importing Assets/TextMesh Pro/Resources/Fonts & Materials/LiberationSans SDF - Drop Shadow.mat using Guid(e73a58f6e2794ae7b1b7e50b7fb811b0) Importer(815301076,1909f56bfc062723c751e8b465ee728b)  -> (artifact id: 'e8ac1860347344c18f01ddd18cf733b2') in 0.323115 seconds 
========================================================================
Received Import Request.
  Time since last request: 0.000093 seconds.
  path: Assets/Brick Project Studio/Apartment Kit/Common/Materials/Surface/Frosted.mat
  artifactKey: Guid(f4c2705402c106042bb0cfaeab8f8d88) Importer(815301076,1909f56bfc062723c751e8b465ee728b)
Start importing Assets/Brick Project Studio/Apartment Kit/Common/Materials/Surface/Frosted.mat using Guid(f4c2705402c106042bb0cfaeab8f8d88) Importer(815301076,1909f56bfc062723c751e8b465ee728b)  -> (artifact id: '3e50120aadfb250b0c4e86d0c31ff3e3') in 0.187200 seconds 
========================================================================
Received Import Request.
  Time since last request: 0.000101 seconds.
  path: Assets/Brick Project Studio/_BPS Basic Assets/Common/Materials/Legacy/Gold.mat
  artifactKey: Guid(e767d86cbf3099a478162f1692b1edf3) Importer(815301076,1909f56bfc062723c751e8b465ee728b)
Start importing Assets/Brick Project Studio/_BPS Basic Assets/Common/Materials/Legacy/Gold.mat using Guid(e767d86cbf3099a478162f1692b1edf3) Importer(815301076,1909f56bfc062723c751e8b465ee728b)  -> (artifact id: '7745514ed982a1b5c75edc32f2e63ce0') in 0.061183 seconds 
========================================================================
Received Import Request.
  Time since last request: 0.000105 seconds.
  path: Assets/Brick Project Studio/Apartment Kit/Common/Materials/Misc/keyboard_01.mat
  artifactKey: Guid(82dc13826f8c00040b92c94337944a2f) Importer(815301076,1909f56bfc062723c751e8b465ee728b)
Start importing Assets/Brick Project Studio/Apartment Kit/Common/Materials/Misc/keyboard_01.mat using Guid(82dc13826f8c00040b92c94337944a2f) Importer(815301076,1909f56bfc062723c751e8b465ee728b)  -> (artifact id: '1e5d08d9790bc88de075c66e16e7a117') in 0.102091 seconds 
========================================================================
Received Import Request.
  Time since last request: 117.915726 seconds.
  path: Assets/school/Prefabs
  artifactKey: Guid(9074304b8a19c6748a559b50b1428855) Importer(815301076,1909f56bfc062723c751e8b465ee728b)
Start importing Assets/school/Prefabs using Guid(9074304b8a19c6748a559b50b1428855) Importer(815301076,1909f56bfc062723c751e8b465ee728b)  -> (artifact id: '6c326de6e28b2a8dc30c795c18cab83f') in 0.016056 seconds 
========================================================================
Received Import Request.
  Time since last request: 0.938090 seconds.
  path: Assets/school/Prefabs/props
  artifactKey: Guid(c084cb9a2841b844ebc3f36760cb622d) Importer(815301076,1909f56bfc062723c751e8b465ee728b)
Start importing Assets/school/Prefabs/props using Guid(c084cb9a2841b844ebc3f36760cb622d) Importer(815301076,1909f56bfc062723c751e8b465ee728b)  -> (artifact id: '4d388efa6c96de5e1c864153d89d0adf') in 0.017645 seconds 
========================================================================
Received Import Request.
  Time since last request: 0.046210 seconds.
  path: Assets/school/Prefabs/props/a door.prefab
  artifactKey: Guid(c46afe706fb2cde4883f7afaeaa67a78) Importer(815301076,1909f56bfc062723c751e8b465ee728b)
Start importing Assets/school/Prefabs/props/a door.prefab using Guid(c46afe706fb2cde4883f7afaeaa67a78) Importer(815301076,1909f56bfc062723c751e8b465ee728b)  -> (artifact id: '439523f750c5388be76a298b85dd61fb') in 0.113991 seconds 
========================================================================
Received Import Request.
  Time since last request: 0.000042 seconds.
  path: Assets/school/Prefabs/props/board2.prefab
  artifactKey: Guid(a5387be5615ab204780e8b46f7b3a16e) Importer(815301076,1909f56bfc062723c751e8b465ee728b)
Start importing Assets/school/Prefabs/props/board2.prefab using Guid(a5387be5615ab204780e8b46f7b3a16e) Importer(815301076,1909f56bfc062723c751e8b465ee728b)  -> (artifact id: '2c0faeb6c159ddd028484e89626b23e7') in 0.053317 seconds 
========================================================================
Received Import Request.
  Time since last request: 0.000035 seconds.
  path: Assets/school/Prefabs/props/book5.prefab
  artifactKey: Guid(e0a660c9a16ebaa409248e8f87be4086) Importer(815301076,1909f56bfc062723c751e8b465ee728b)
Start importing Assets/school/Prefabs/props/book5.prefab using Guid(e0a660c9a16ebaa409248e8f87be4086) Importer(815301076,1909f56bfc062723c751e8b465ee728b)  -> (artifact id: '485589a6f5d0754623bb1c97eb72f616') in 0.042757 seconds 
========================================================================
Received Import Request.
  Time since last request: 0.000117 seconds.
  path: Assets/school/Prefabs/props/board2_1.prefab
  artifactKey: Guid(b3341dfb909e87841afc69dcda0971e1) Importer(815301076,1909f56bfc062723c751e8b465ee728b)
Start importing Assets/school/Prefabs/props/board2_1.prefab using Guid(b3341dfb909e87841afc69dcda0971e1) Importer(815301076,1909f56bfc062723c751e8b465ee728b)  -> (artifact id: 'f2543198fe1b6165dbebe74a113ec1e4') in 0.045083 seconds 
========================================================================
Received Import Request.
  Time since last request: 0.000027 seconds.
  path: Assets/school/Prefabs/props/a laptop.prefab
  artifactKey: Guid(ec15f5ae191975f4d8de236356aaec36) Importer(815301076,1909f56bfc062723c751e8b465ee728b)
Start importing Assets/school/Prefabs/props/a laptop.prefab using Guid(ec15f5ae191975f4d8de236356aaec36) Importer(815301076,1909f56bfc062723c751e8b465ee728b)  -> (artifact id: '134fb2e57512be28c3029634a11430de') in 0.049802 seconds 
========================================================================
Received Import Request.
  Time since last request: 0.000032 seconds.
  path: Assets/school/Prefabs/props/book2.prefab
  artifactKey: Guid(72c1249698983ad4988f693663fa1e21) Importer(815301076,1909f56bfc062723c751e8b465ee728b)
Start importing Assets/school/Prefabs/props/book2.prefab using Guid(72c1249698983ad4988f693663fa1e21) Importer(815301076,1909f56bfc062723c751e8b465ee728b)  -> (artifact id: '92c3fc6ae3912ed701bdaeb4f4607900') in 0.050135 seconds 
========================================================================
Received Import Request.
  Time since last request: 0.000044 seconds.
  path: Assets/school/Prefabs/props/book.prefab
  artifactKey: Guid(924e5835feca5774baf83fefc095dad6) Importer(815301076,1909f56bfc062723c751e8b465ee728b)
Start importing Assets/school/Prefabs/props/book.prefab using Guid(924e5835feca5774baf83fefc095dad6) Importer(815301076,1909f56bfc062723c751e8b465ee728b)  -> (artifact id: '0a5c010e2322210824a5880b80d30bca') in 0.052394 seconds 
========================================================================
Received Import Request.
  Time since last request: 0.000054 seconds.
  path: Assets/school/Prefabs/props/book1.prefab
  artifactKey: Guid(f35bd34b33d70144ca22184a194ae6a4) Importer(815301076,1909f56bfc062723c751e8b465ee728b)
Start importing Assets/school/Prefabs/props/book1.prefab using Guid(f35bd34b33d70144ca22184a194ae6a4) Importer(815301076,1909f56bfc062723c751e8b465ee728b)  -> (artifact id: '03fd1638c48176fdde7a8bf69b649b6e') in 0.059347 seconds 
========================================================================
Received Import Request.
  Time since last request: 0.000045 seconds.
  path: Assets/school/Prefabs/props/book4.prefab
  artifactKey: Guid(e71f88c62ec6ec749b9da3c66033409a) Importer(815301076,1909f56bfc062723c751e8b465ee728b)
Start importing Assets/school/Prefabs/props/book4.prefab using Guid(e71f88c62ec6ec749b9da3c66033409a) Importer(815301076,1909f56bfc062723c751e8b465ee728b)  -> (artifact id: 'f1b8170f3f7f6b8992ece6130359f67f') in 0.051612 seconds 
========================================================================
Received Import Request.
  Time since last request: 0.000043 seconds.
  path: Assets/school/Prefabs/props/board2_1 1.prefab
  artifactKey: Guid(1b8fb463cd54a3347a65b53783a48afc) Importer(815301076,1909f56bfc062723c751e8b465ee728b)
Start importing Assets/school/Prefabs/props/board2_1 1.prefab using Guid(1b8fb463cd54a3347a65b53783a48afc) Importer(815301076,1909f56bfc062723c751e8b465ee728b)  -> (artifact id: '7f95490b32099e9d68579f04fccdd69a') in 0.044296 seconds 
========================================================================
Received Import Request.
  Time since last request: 1.440303 seconds.
  path: Assets/school/Prefabs/props/book8.prefab
  artifactKey: Guid(945770b7f59f57549bb3e854e77a1de0) Importer(815301076,1909f56bfc062723c751e8b465ee728b)
Start importing Assets/school/Prefabs/props/book8.prefab using Guid(945770b7f59f57549bb3e854e77a1de0) Importer(815301076,1909f56bfc062723c751e8b465ee728b)  -> (artifact id: '8ae2adec61084aa96278019fc688f247') in 0.047248 seconds 
========================================================================
Received Import Request.
  Time since last request: 0.000031 seconds.
  path: Assets/school/Prefabs/props/book11.prefab
  artifactKey: Guid(26790024c0a59a4459d89f66a856faa2) Importer(815301076,1909f56bfc062723c751e8b465ee728b)
Start importing Assets/school/Prefabs/props/book11.prefab using Guid(26790024c0a59a4459d89f66a856faa2) Importer(815301076,1909f56bfc062723c751e8b465ee728b)  -> (artifact id: '3d07690860045a7c7514d2b6b24e9b42') in 0.047692 seconds 
========================================================================
Received Import Request.
  Time since last request: 0.000063 seconds.
  path: Assets/school/Prefabs/props/book12.prefab
  artifactKey: Guid(70c302f8c134149459c53486998e3785) Importer(815301076,1909f56bfc062723c751e8b465ee728b)
Start importing Assets/school/Prefabs/props/book12.prefab using Guid(70c302f8c134149459c53486998e3785) Importer(815301076,1909f56bfc062723c751e8b465ee728b)  -> (artifact id: '17744232d732d0d89681edfce710e821') in 0.044303 seconds 
========================================================================
Received Import Request.
  Time since last request: 0.000054 seconds.
  path: Assets/school/Prefabs/props/bus.prefab
  artifactKey: Guid(876481ee83f852b49901155a05d155d5) Importer(815301076,1909f56bfc062723c751e8b465ee728b)
Start importing Assets/school/Prefabs/props/bus.prefab using Guid(876481ee83f852b49901155a05d155d5) Importer(815301076,1909f56bfc062723c751e8b465ee728b)  -> (artifact id: '66af516c2f34d1fa258d2d9bebd19610') in 0.059567 seconds 
========================================================================
Received Import Request.
  Time since last request: 0.000046 seconds.
  path: Assets/school/Prefabs/props/book16.prefab
  artifactKey: Guid(c0acf536785cb4e4fba0b089e2ecd662) Importer(815301076,1909f56bfc062723c751e8b465ee728b)
Start importing Assets/school/Prefabs/props/book16.prefab using Guid(c0acf536785cb4e4fba0b089e2ecd662) Importer(815301076,1909f56bfc062723c751e8b465ee728b)  -> (artifact id: 'ec6f271ce115fa85f5bef1e754b31b46') in 0.052444 seconds 
========================================================================
Received Import Request.
  Time since last request: 0.000057 seconds.
  path: Assets/school/Prefabs/props/book14.prefab
  artifactKey: Guid(e14704938d821e14d8561c810691b64c) Importer(815301076,1909f56bfc062723c751e8b465ee728b)
Start importing Assets/school/Prefabs/props/book14.prefab using Guid(e14704938d821e14d8561c810691b64c) Importer(815301076,1909f56bfc062723c751e8b465ee728b)  -> (artifact id: 'b0ce7ca9769e9bbc7c6ea5e295393b4e') in 0.060130 seconds 
========================================================================
Received Import Request.
  Time since last request: 0.231102 seconds.
  path: Assets/school/Prefabs/props/chair1.prefab
  artifactKey: Guid(991e8973513e2ad408232c1afeb3a9df) Importer(815301076,1909f56bfc062723c751e8b465ee728b)
Start importing Assets/school/Prefabs/props/chair1.prefab using Guid(991e8973513e2ad408232c1afeb3a9df) Importer(815301076,1909f56bfc062723c751e8b465ee728b)  -> (artifact id: '7edfbbad99a36d7f79ef2d402abccd6a') in 0.041501 seconds 
========================================================================
Received Import Request.
  Time since last request: 0.000042 seconds.
  path: Assets/school/Prefabs/props/computer1.prefab
  artifactKey: Guid(8430fd56cfcb15941a1f31ea7f8f1915) Importer(815301076,1909f56bfc062723c751e8b465ee728b)
Start importing Assets/school/Prefabs/props/computer1.prefab using Guid(8430fd56cfcb15941a1f31ea7f8f1915) Importer(815301076,1909f56bfc062723c751e8b465ee728b)  -> (artifact id: '4edbcee91cb778fbde71dfc66c2760d2') in 0.058093 seconds 
========================================================================
Received Import Request.
  Time since last request: 0.000116 seconds.
  path: Assets/school/Prefabs/props/jalousie.prefab
  artifactKey: Guid(f67ff9d455ede6d448bdf23bc838c236) Importer(815301076,1909f56bfc062723c751e8b465ee728b)
Start importing Assets/school/Prefabs/props/jalousie.prefab using Guid(f67ff9d455ede6d448bdf23bc838c236) Importer(815301076,1909f56bfc062723c751e8b465ee728b)  -> (artifact id: '68072695de0cb70335b4144d2758ef4d') in 0.046581 seconds 
========================================================================
Received Import Request.
  Time since last request: 0.000025 seconds.
  path: Assets/school/Prefabs/props/locker1.prefab
  artifactKey: Guid(7d65db92ee1ad5644a8177816885460b) Importer(815301076,1909f56bfc062723c751e8b465ee728b)
Start importing Assets/school/Prefabs/props/locker1.prefab using Guid(7d65db92ee1ad5644a8177816885460b) Importer(815301076,1909f56bfc062723c751e8b465ee728b)  -> (artifact id: '61abf3590215417b1ab2d8f41af2bac6') in 0.049489 seconds 
========================================================================
Received Import Request.
  Time since last request: 0.000026 seconds.
  path: Assets/school/Prefabs/props/locker.prefab
  artifactKey: Guid(c2eb0536a6bbfb94590dc4ae7eb803da) Importer(815301076,1909f56bfc062723c751e8b465ee728b)
Start importing Assets/school/Prefabs/props/locker.prefab using Guid(c2eb0536a6bbfb94590dc4ae7eb803da) Importer(815301076,1909f56bfc062723c751e8b465ee728b)  -> (artifact id: 'cfede730ee31cfa78d13290866b49984') in 0.052742 seconds 
========================================================================
Received Import Request.
  Time since last request: 0.000029 seconds.
  path: Assets/school/Prefabs/props/locker2.prefab
  artifactKey: Guid(5c2334af47df6454c9e2eaadbfaa2cb0) Importer(815301076,1909f56bfc062723c751e8b465ee728b)
Start importing Assets/school/Prefabs/props/locker2.prefab using Guid(5c2334af47df6454c9e2eaadbfaa2cb0) Importer(815301076,1909f56bfc062723c751e8b465ee728b)  -> (artifact id: 'ac6d407d9af1140cb8b98a19138b5402') in 0.050016 seconds 
========================================================================
Received Import Request.
  Time since last request: 0.090937 seconds.
  path: Assets/school/Prefabs/props/locker_2.prefab
  artifactKey: Guid(62b11dd993aa50e42a0890a734908161) Importer(815301076,1909f56bfc062723c751e8b465ee728b)
Start importing Assets/school/Prefabs/props/locker_2.prefab using Guid(62b11dd993aa50e42a0890a734908161) Importer(815301076,1909f56bfc062723c751e8b465ee728b)  -> (artifact id: '8f7d225e0a2ebb19a907b5a79cd9dcf8') in 0.044251 seconds 
========================================================================
Received Import Request.
  Time since last request: 0.000030 seconds.
  path: Assets/school/Prefabs/props/rack1.prefab
  artifactKey: Guid(6e8ee28b611f0274dba1617e8888f8ec) Importer(815301076,1909f56bfc062723c751e8b465ee728b)
Start importing Assets/school/Prefabs/props/rack1.prefab using Guid(6e8ee28b611f0274dba1617e8888f8ec) Importer(815301076,1909f56bfc062723c751e8b465ee728b)  -> (artifact id: '2d359f8fba3af10e6b937a0d5efb62cb') in 0.136540 seconds 
========================================================================
Received Import Request.
  Time since last request: 0.000044 seconds.
  path: Assets/school/Prefabs/props/sheet3.prefab
  artifactKey: Guid(5f0122993f7c5324d972bf997e494ca3) Importer(815301076,1909f56bfc062723c751e8b465ee728b)
Start importing Assets/school/Prefabs/props/sheet3.prefab using Guid(5f0122993f7c5324d972bf997e494ca3) Importer(815301076,1909f56bfc062723c751e8b465ee728b)  -> (artifact id: '8ce0174868a8afc1965402a62d39863c') in 0.047345 seconds 
========================================================================
Received Import Request.
  Time since last request: 0.000055 seconds.
  path: Assets/school/Prefabs/props/sheet1.prefab
  artifactKey: Guid(7b5504fec8a3cf94d8d4814735af756c) Importer(815301076,1909f56bfc062723c751e8b465ee728b)
Start importing Assets/school/Prefabs/props/sheet1.prefab using Guid(7b5504fec8a3cf94d8d4814735af756c) Importer(815301076,1909f56bfc062723c751e8b465ee728b)  -> (artifact id: '891ad69e298c8be5b5b5a46dff80083f') in 0.048809 seconds 
========================================================================
Received Import Request.
  Time since last request: 0.000035 seconds.
  path: Assets/school/Prefabs/props/sheet4.prefab
  artifactKey: Guid(2335e4e4480899f46aabd539af49b014) Importer(815301076,1909f56bfc062723c751e8b465ee728b)
Start importing Assets/school/Prefabs/props/sheet4.prefab using Guid(2335e4e4480899f46aabd539af49b014) Importer(815301076,1909f56bfc062723c751e8b465ee728b)  -> (artifact id: '54c68694e4dd632b46a29a6f0a9b0030') in 0.048276 seconds 
========================================================================
Received Import Request.
  Time since last request: 0.000048 seconds.
  path: Assets/school/Prefabs/props/showcase.prefab
  artifactKey: Guid(07f95da47d340af46b603c05bffc1cde) Importer(815301076,1909f56bfc062723c751e8b465ee728b)
Start importing Assets/school/Prefabs/props/showcase.prefab using Guid(07f95da47d340af46b603c05bffc1cde) Importer(815301076,1909f56bfc062723c751e8b465ee728b)  -> (artifact id: '906fc4215a3972f9831a8bbc8f843714') in 0.049319 seconds 
========================================================================
Received Import Request.
  Time since last request: 0.000046 seconds.
  path: Assets/school/Prefabs/props/locker_5.prefab
  artifactKey: Guid(a0fb9817dd6493340b32e1c86fadfc0b) Importer(815301076,1909f56bfc062723c751e8b465ee728b)
Start importing Assets/school/Prefabs/props/locker_5.prefab using Guid(a0fb9817dd6493340b32e1c86fadfc0b) Importer(815301076,1909f56bfc062723c751e8b465ee728b)  -> (artifact id: '22fe43548b1229d4f588c3067be41bcd') in 0.065189 seconds 
========================================================================
Received Import Request.
  Time since last request: 0.000057 seconds.
  path: Assets/school/Prefabs/props/sheet.prefab
  artifactKey: Guid(9b19a44036ac44243a6c69a62bcfdbdf) Importer(815301076,1909f56bfc062723c751e8b465ee728b)
Start importing Assets/school/Prefabs/props/sheet.prefab using Guid(9b19a44036ac44243a6c69a62bcfdbdf) Importer(815301076,1909f56bfc062723c751e8b465ee728b)  -> (artifact id: 'd54245f96605bef33be79cb0f8970d4c') in 0.055493 seconds 
========================================================================
Received Import Request.
  Time since last request: 0.317155 seconds.
  path: Assets/school/Prefabs/props/wall.prefab
  artifactKey: Guid(d8553808ed1fd2a41982e26a8f099b9a) Importer(815301076,1909f56bfc062723c751e8b465ee728b)
Start importing Assets/school/Prefabs/props/wall.prefab using Guid(d8553808ed1fd2a41982e26a8f099b9a) Importer(815301076,1909f56bfc062723c751e8b465ee728b)  -> (artifact id: '03b28de791aa4f1a842405855aa688c8') in 0.041386 seconds 
========================================================================
Received Import Request.
  Time since last request: 0.000024 seconds.
  path: Assets/school/Prefabs/props/wall4.prefab
  artifactKey: Guid(2d0d657c1182735489e24a5ce302b99c) Importer(815301076,1909f56bfc062723c751e8b465ee728b)
Start importing Assets/school/Prefabs/props/wall4.prefab using Guid(2d0d657c1182735489e24a5ce302b99c) Importer(815301076,1909f56bfc062723c751e8b465ee728b)  -> (artifact id: 'f542fbc6131fd85983e0014404a896f7') in 0.053781 seconds 
========================================================================
Received Import Request.
  Time since last request: 0.000065 seconds.
  path: Assets/school/Prefabs/props/wall2.prefab
  artifactKey: Guid(935ba91ea5459eb4d8917d5e94bc3ddf) Importer(815301076,1909f56bfc062723c751e8b465ee728b)
Start importing Assets/school/Prefabs/props/wall2.prefab using Guid(935ba91ea5459eb4d8917d5e94bc3ddf) Importer(815301076,1909f56bfc062723c751e8b465ee728b)  -> (artifact id: '5626f24384c177d49c10fc338872f675') in 0.045336 seconds 
Editor requested this worker to shutdown with reason: Scaling down because of idle timeout
AssetImportWorker is now disconnected from the server
Process exiting
Exiting without the bug reporter. Application will terminate with return code 0