
=== Thu Nov 24 15:10:04 2022

Packages were changed.
Update Mode: updateDependencies

The following packages were updated:
  com.unity.collab-proxy from version 1.17.1 to 1.17.6
  com.unity.ide.rider from version 3.0.15 to 3.0.16

=== Thu Nov 24 21:54:10 2022

Packages were changed.
Update Mode: updateDependencies

The following packages were updated:
  com.unity.collab-proxy from version 1.17.2 to 1.17.6
  com.unity.ide.rider from version 3.0.15 to 3.0.16
  com.unity.timeline from version 1.4.8 to 1.6.4

=== Thu Nov 24 21:54:10 2022

Packages were changed.
Update Mode: mergeDefaultDependencies

The following packages were added:
  com.unity.postprocessing@3.2.2
  com.unity.progrids@3.0.3-preview.6

=== Thu Nov 24 23:28:32 2022

Packages were changed.
Update Mode: updateDependencies

The following packages were updated:
  com.unity.collab-proxy from version 1.17.2 to 1.17.6
  com.unity.ide.rider from version 3.0.15 to 3.0.16
  com.unity.timeline from version 1.4.8 to 1.6.4
